\BOOKMARK [0][-]{chapter.1}{Introdu\347\343o}{}% 1
\BOOKMARK [1][-]{section.1.1}{Motiva\347\343o}{chapter.1}% 2
\BOOKMARK [1][-]{section.1.2}{Estrutura do trabalho}{chapter.1}% 3
\BOOKMARK [0][-]{chapter.2}{Metodologia}{}% 4
\BOOKMARK [1][-]{section.2.1}{Trabalho de Pesquisa}{chapter.2}% 5
\BOOKMARK [1][-]{section.2.2}{Organiza\347\343o da informa\347\343o individual}{chapter.2}% 6
\BOOKMARK [1][-]{section.2.3}{Produ\347\343o do trabalho final}{chapter.2}% 7
\BOOKMARK [0][-]{chapter.3}{Mecanismos de computa\347\343o}{}% 8
\BOOKMARK [1][-]{section.3.1}{Pavimentar o caminho}{chapter.3}% 9
\BOOKMARK [2][-]{subsection.3.1.1}{Abacus}{section.3.1}% 10
\BOOKMARK [2][-]{subsection.3.1.2}{La Pascaline e Stepped Reckoner}{section.3.1}% 11
\BOOKMARK [2][-]{subsection.3.1.3}{Primeiro Computador Mec\342nico Program\341val}{section.3.1}% 12
\BOOKMARK [0][-]{chapter.4}{Primeira Gera\347\343o de Computadores \(1937-1956\)}{}% 13
\BOOKMARK [1][-]{section.4.1}{Caracter\355sticas do hardware e software}{chapter.4}% 14
\BOOKMARK [2][-]{subsection.4.1.1}{V\341lvulas Termi\364nicas}{section.4.1}% 15
\BOOKMARK [2][-]{subsection.4.1.2}{Mem\363ria de Tambor}{section.4.1}% 16
\BOOKMARK [2][-]{subsection.4.1.3}{C\363digo m\341quina}{section.4.1}% 17
\BOOKMARK [1][-]{section.4.2}{Primeiro Computador Mec\342nico Program\341vel em Bin\341rio}{chapter.4}% 18
\BOOKMARK [1][-]{section.4.3}{Primeiro Computador Digital}{chapter.4}% 19
\BOOKMARK [1][-]{section.4.4}{Resumo da 1\272 Gera\347\343o}{chapter.4}% 20
\BOOKMARK [0][-]{chapter.5}{Segunda Gera\347\343o de Computadores \(1956-1965\)}{}% 21
\BOOKMARK [1][-]{section.5.1}{Caracter\355sticas do hardware e software }{chapter.5}% 22
\BOOKMARK [2][-]{subsection.5.1.1}{Trans\355stor}{section.5.1}% 23
\BOOKMARK [2][-]{subsection.5.1.2}{Mem\363ria de N\372cleos Magn\351ticos}{section.5.1}% 24
\BOOKMARK [2][-]{subsection.5.1.3}{Resumo da 2\272 Gera\347\343o}{section.5.1}% 25
\BOOKMARK [0][-]{chapter.6}{Terceira Gera\347\343o dos Computadores \(1965 - 1971\)}{}% 26
\BOOKMARK [1][-]{section.6.1}{Circuitos Integrados}{chapter.6}% 27
\BOOKMARK [1][-]{section.6.2}{Novas Linguagens de Programa\347\343o}{chapter.6}% 28
\BOOKMARK [1][-]{section.6.3}{Lei de Moore:}{chapter.6}% 29
\BOOKMARK [1][-]{section.6.4}{Resumo da 3\272 Gera\347\343o }{chapter.6}% 30
\BOOKMARK [1][-]{section.6.5}{Curiosidade:}{chapter.6}% 31
\BOOKMARK [0][-]{chapter.7}{Quarta Gera\347\343o dos Computadores \(1971 - 1981\)}{}% 32
\BOOKMARK [1][-]{section.7.1}{A Internet}{chapter.7}% 33
\BOOKMARK [1][-]{section.7.2}{Continua\347\343o da Inova\347\343o}{chapter.7}% 34
\BOOKMARK [1][-]{section.7.3}{Resumo da 4\272 Gera\347\343o}{chapter.7}% 35
\BOOKMARK [0][-]{chapter.8}{Quinta Gera\347\343o dos Computadores \(1981 - Actualidade\)}{}% 36
\BOOKMARK [1][-]{section.8.1}{Intelig\352ncia Artificial:}{chapter.8}% 37
\BOOKMARK [1][-]{section.8.2}{Resumo da 5\272 Gera\347\343o :}{chapter.8}% 38
\BOOKMARK [0][-]{chapter.9}{Conclus\343o:}{}% 39
\BOOKMARK [1][-]{section.9.1}{Contribui\347\343o dos autores}{chapter.9}% 40
